  lectureFichierJeux.cpp
C:\Users\alekd\OneDrive\Bureau\uni\automne_2021\INF1015\Pratique\TD3-A21-Fichiers\Concepteur.hpp(9,13): error C2061: syntax error: identifier 'string'
C:\Users\alekd\OneDrive\Bureau\uni\automne_2021\INF1015\Pratique\TD3-A21-Fichiers\Concepteur.hpp(9,12): error C2535: 'Concepteur::Concepteur(void)': member function already defined or declared
C:\Users\alekd\OneDrive\Bureau\uni\automne_2021\INF1015\Pratique\TD3-A21-Fichiers\Concepteur.hpp(8): message : see declaration of 'Concepteur::Concepteur'
C:\Users\alekd\OneDrive\Bureau\uni\automne_2021\INF1015\Pratique\TD3-A21-Fichiers\Concepteur.hpp(10,11): error C2065: 'nom': undeclared identifier
C:\Users\alekd\OneDrive\Bureau\uni\automne_2021\INF1015\Pratique\TD3-A21-Fichiers\Concepteur.hpp(10,34): error C2065: 'annee': undeclared identifier
C:\Users\alekd\OneDrive\Bureau\uni\automne_2021\INF1015\Pratique\TD3-A21-Fichiers\Concepteur.hpp(10,49): error C2065: 'pays': undeclared identifier
C:\Users\alekd\OneDrive\Bureau\uni\automne_2021\INF1015\Pratique\TD3-A21-Fichiers\Jeu.hpp(21,24): error C7568: argument list missing after assumed function template 'Liste'
C:\Users\alekd\OneDrive\Bureau\uni\automne_2021\INF1015\Pratique\TD3-A21-Fichiers\Jeu.hpp(21,67): error C2955: 'std::shared_ptr': use of class template requires template argument list
C:\Program Files (x86)\Microsoft Visual Studio\2019\Enterprise\VC\Tools\MSVC\14.29.30133\include\memory(1504): message : see declaration of 'std::shared_ptr'
C:\Users\alekd\OneDrive\Bureau\uni\automne_2021\INF1015\Pratique\TD3-A21-Fichiers\Jeu.hpp(29,13): error C7568: argument list missing after assumed function template 'Liste'
C:\Users\alekd\OneDrive\Bureau\uni\automne_2021\INF1015\Pratique\TD3-A21-Fichiers\Jeu.hpp(29,2): error C7568: argument list missing after assumed function template 'shared_ptr'
C:\Users\alekd\OneDrive\Bureau\uni\automne_2021\INF1015\Pratique\TD3-A21-Fichiers\Liste.hpp(17,71): error C2760: syntax error: unexpected token '}', expected ';'
C:\Users\alekd\OneDrive\Bureau\uni\automne_2021\INF1015\Pratique\TD3-A21-Fichiers\Liste.hpp(33): message : see reference to class template instantiation 'Liste<T>' being compiled
C:\Users\alekd\OneDrive\Bureau\uni\automne_2021\INF1015\Pratique\TD3-A21-Fichiers\Liste.hpp(25,42): error C2672: 'max': no matching overloaded function found
C:\Users\alekd\OneDrive\Bureau\uni\automne_2021\INF1015\Pratique\TD3-A21-Fichiers\Liste.hpp(25,42): error C2780: '_Ty std::max(std::initializer_list<_Elem>)': expects 1 arguments - 2 provided
C:\Program Files (x86)\Microsoft Visual Studio\2019\Enterprise\VC\Tools\MSVC\14.29.30133\include\utility(52): message : see declaration of 'std::max'
C:\Users\alekd\OneDrive\Bureau\uni\automne_2021\INF1015\Pratique\TD3-A21-Fichiers\Liste.hpp(25,42): error C2784: '_Ty std::max(std::initializer_list<_Elem>,_Pr)': could not deduce template argument for 'std::initializer_list<_Elem>' from 'unsigned int'
C:\Program Files (x86)\Microsoft Visual Studio\2019\Enterprise\VC\Tools\MSVC\14.29.30133\include\utility(49): message : see declaration of 'std::max'
C:\Users\alekd\OneDrive\Bureau\uni\automne_2021\INF1015\Pratique\TD3-A21-Fichiers\Liste.hpp(33,1): error C2782: 'const _Ty &std::max(const _Ty &,const _Ty &) noexcept(<expr>)': template parameter '_Ty' is ambiguous
C:\Users\alekd\OneDrive\Bureau\uni\automne_2021\INF1015\Pratique\TD3-A21-Fichiers\Liste.hpp(25,42): error C2784: 'const _Ty &std::max(const _Ty &,const _Ty &) noexcept(<expr>)': could not deduce template argument for 'const _Ty &' from 'int'
C:\Users\alekd\OneDrive\Bureau\uni\automne_2021\INF1015\Pratique\TD3-A21-Fichiers\Liste.hpp(25,42): error C2780: 'const _Ty &std::max(const _Ty &,const _Ty &,_Pr) noexcept(<expr>)': expects 3 arguments - 2 provided
C:\Users\alekd\OneDrive\Bureau\uni\automne_2021\INF1015\Pratique\TD3-A21-Fichiers\lectureFichierJeux.cpp(70,24): error C2675: unary '->': 'const std::shared_ptr' does not define this operator or a conversion to a type acceptable to the predefined operator
C:\Users\alekd\OneDrive\Bureau\uni\automne_2021\INF1015\Pratique\TD3-A21-Fichiers\lectureFichierJeux.cpp(70,28): error C2039: 'getElements': is not a member of 'std::shared_ptr'
C:\Program Files (x86)\Microsoft Visual Studio\2019\Enterprise\VC\Tools\MSVC\14.29.30133\include\memory(1504): message : see declaration of 'std::shared_ptr'
C:\Users\alekd\OneDrive\Bureau\uni\automne_2021\INF1015\Pratique\TD3-A21-Fichiers\lectureFichierJeux.cpp(74,25): error C2675: unary '->': 'const std::shared_ptr' does not define this operator or a conversion to a type acceptable to the predefined operator
C:\Users\alekd\OneDrive\Bureau\uni\automne_2021\INF1015\Pratique\TD3-A21-Fichiers\lectureFichierJeux.cpp(74,29): error C2039: 'getElements': is not a member of 'std::shared_ptr'
C:\Program Files (x86)\Microsoft Visual Studio\2019\Enterprise\VC\Tools\MSVC\14.29.30133\include\memory(1504): message : see declaration of 'std::shared_ptr'
C:\Users\alekd\OneDrive\Bureau\uni\automne_2021\INF1015\Pratique\TD3-A21-Fichiers\lectureFichierJeux.cpp(75,7): error C2065: 'ptrConcepteur': undeclared identifier
  Liste.cpp
C:\Users\alekd\OneDrive\Bureau\uni\automne_2021\INF1015\Pratique\TD3-A21-Fichiers\Concepteur.hpp(9,13): error C2061: syntax error: identifier 'string'
C:\Users\alekd\OneDrive\Bureau\uni\automne_2021\INF1015\Pratique\TD3-A21-Fichiers\Concepteur.hpp(9,12): error C2535: 'Concepteur::Concepteur(void)': member function already defined or declared
C:\Users\alekd\OneDrive\Bureau\uni\automne_2021\INF1015\Pratique\TD3-A21-Fichiers\Concepteur.hpp(8): message : see declaration of 'Concepteur::Concepteur'
C:\Users\alekd\OneDrive\Bureau\uni\automne_2021\INF1015\Pratique\TD3-A21-Fichiers\Concepteur.hpp(10,11): error C2065: 'nom': undeclared identifier
C:\Users\alekd\OneDrive\Bureau\uni\automne_2021\INF1015\Pratique\TD3-A21-Fichiers\Concepteur.hpp(10,34): error C2065: 'annee': undeclared identifier
C:\Users\alekd\OneDrive\Bureau\uni\automne_2021\INF1015\Pratique\TD3-A21-Fichiers\Concepteur.hpp(10,49): error C2065: 'pays': undeclared identifier
C:\Users\alekd\OneDrive\Bureau\uni\automne_2021\INF1015\Pratique\TD3-A21-Fichiers\Jeu.hpp(21,24): error C7568: argument list missing after assumed function template 'Liste'
C:\Users\alekd\OneDrive\Bureau\uni\automne_2021\INF1015\Pratique\TD3-A21-Fichiers\Jeu.hpp(21,67): error C2955: 'std::shared_ptr': use of class template requires template argument list
C:\Program Files (x86)\Microsoft Visual Studio\2019\Enterprise\VC\Tools\MSVC\14.29.30133\include\memory(1504): message : see declaration of 'std::shared_ptr'
C:\Users\alekd\OneDrive\Bureau\uni\automne_2021\INF1015\Pratique\TD3-A21-Fichiers\Jeu.hpp(29,13): error C7568: argument list missing after assumed function template 'Liste'
C:\Users\alekd\OneDrive\Bureau\uni\automne_2021\INF1015\Pratique\TD3-A21-Fichiers\Jeu.hpp(29,2): error C7568: argument list missing after assumed function template 'shared_ptr'
C:\Users\alekd\OneDrive\Bureau\uni\automne_2021\INF1015\Pratique\TD3-A21-Fichiers\Liste.hpp(17,71): error C2760: syntax error: unexpected token '}', expected ';'
C:\Users\alekd\OneDrive\Bureau\uni\automne_2021\INF1015\Pratique\TD3-A21-Fichiers\Liste.hpp(33): message : see reference to class template instantiation 'Liste<T>' being compiled
C:\Users\alekd\OneDrive\Bureau\uni\automne_2021\INF1015\Pratique\TD3-A21-Fichiers\Liste.hpp(25,42): error C2672: 'max': no matching overloaded function found
C:\Users\alekd\OneDrive\Bureau\uni\automne_2021\INF1015\Pratique\TD3-A21-Fichiers\Liste.hpp(25,42): error C2780: '_Ty std::max(std::initializer_list<_Elem>)': expects 1 arguments - 2 provided
C:\Program Files (x86)\Microsoft Visual Studio\2019\Enterprise\VC\Tools\MSVC\14.29.30133\include\utility(52): message : see declaration of 'std::max'
C:\Users\alekd\OneDrive\Bureau\uni\automne_2021\INF1015\Pratique\TD3-A21-Fichiers\Liste.hpp(25,42): error C2784: '_Ty std::max(std::initializer_list<_Elem>,_Pr)': could not deduce template argument for 'std::initializer_list<_Elem>' from 'unsigned int'
C:\Program Files (x86)\Microsoft Visual Studio\2019\Enterprise\VC\Tools\MSVC\14.29.30133\include\utility(49): message : see declaration of 'std::max'
C:\Users\alekd\OneDrive\Bureau\uni\automne_2021\INF1015\Pratique\TD3-A21-Fichiers\Liste.hpp(33,1): error C2782: 'const _Ty &std::max(const _Ty &,const _Ty &) noexcept(<expr>)': template parameter '_Ty' is ambiguous
C:\Users\alekd\OneDrive\Bureau\uni\automne_2021\INF1015\Pratique\TD3-A21-Fichiers\Liste.hpp(25,42): error C2784: 'const _Ty &std::max(const _Ty &,const _Ty &) noexcept(<expr>)': could not deduce template argument for 'const _Ty &' from 'int'
C:\Users\alekd\OneDrive\Bureau\uni\automne_2021\INF1015\Pratique\TD3-A21-Fichiers\Liste.hpp(25,42): error C2780: 'const _Ty &std::max(const _Ty &,const _Ty &,_Pr) noexcept(<expr>)': expects 3 arguments - 2 provided
  main.cpp
C:\Users\alekd\OneDrive\Bureau\uni\automne_2021\INF1015\Pratique\TD3-A21-Fichiers\Concepteur.hpp(9,13): error C2061: syntax error: identifier 'string'
C:\Users\alekd\OneDrive\Bureau\uni\automne_2021\INF1015\Pratique\TD3-A21-Fichiers\Concepteur.hpp(9,12): error C2535: 'Concepteur::Concepteur(void)': member function already defined or declared
C:\Users\alekd\OneDrive\Bureau\uni\automne_2021\INF1015\Pratique\TD3-A21-Fichiers\Concepteur.hpp(8): message : see declaration of 'Concepteur::Concepteur'
C:\Users\alekd\OneDrive\Bureau\uni\automne_2021\INF1015\Pratique\TD3-A21-Fichiers\Concepteur.hpp(10,11): error C2065: 'nom': undeclared identifier
C:\Users\alekd\OneDrive\Bureau\uni\automne_2021\INF1015\Pratique\TD3-A21-Fichiers\Concepteur.hpp(10,34): error C2065: 'annee': undeclared identifier
C:\Users\alekd\OneDrive\Bureau\uni\automne_2021\INF1015\Pratique\TD3-A21-Fichiers\Concepteur.hpp(10,49): error C2065: 'pays': undeclared identifier
C:\Users\alekd\OneDrive\Bureau\uni\automne_2021\INF1015\Pratique\TD3-A21-Fichiers\Jeu.hpp(21,24): error C7568: argument list missing after assumed function template 'Liste'
C:\Users\alekd\OneDrive\Bureau\uni\automne_2021\INF1015\Pratique\TD3-A21-Fichiers\Jeu.hpp(21,67): error C2955: 'std::shared_ptr': use of class template requires template argument list
C:\Program Files (x86)\Microsoft Visual Studio\2019\Enterprise\VC\Tools\MSVC\14.29.30133\include\memory(1504): message : see declaration of 'std::shared_ptr'
C:\Users\alekd\OneDrive\Bureau\uni\automne_2021\INF1015\Pratique\TD3-A21-Fichiers\Jeu.hpp(29,13): error C7568: argument list missing after assumed function template 'Liste'
C:\Users\alekd\OneDrive\Bureau\uni\automne_2021\INF1015\Pratique\TD3-A21-Fichiers\Jeu.hpp(29,2): error C7568: argument list missing after assumed function template 'shared_ptr'
C:\Users\alekd\OneDrive\Bureau\uni\automne_2021\INF1015\Pratique\TD3-A21-Fichiers\Liste.hpp(17,71): error C2760: syntax error: unexpected token '}', expected ';'
C:\Users\alekd\OneDrive\Bureau\uni\automne_2021\INF1015\Pratique\TD3-A21-Fichiers\Liste.hpp(33): message : see reference to class template instantiation 'Liste<T>' being compiled
C:\Users\alekd\OneDrive\Bureau\uni\automne_2021\INF1015\Pratique\TD3-A21-Fichiers\Liste.hpp(25,42): error C2672: 'max': no matching overloaded function found
C:\Users\alekd\OneDrive\Bureau\uni\automne_2021\INF1015\Pratique\TD3-A21-Fichiers\Liste.hpp(25,42): error C2780: '_Ty std::max(std::initializer_list<_Elem>)': expects 1 arguments - 2 provided
C:\Program Files (x86)\Microsoft Visual Studio\2019\Enterprise\VC\Tools\MSVC\14.29.30133\include\utility(52): message : see declaration of 'std::max'
C:\Users\alekd\OneDrive\Bureau\uni\automne_2021\INF1015\Pratique\TD3-A21-Fichiers\Liste.hpp(25,42): error C2784: '_Ty std::max(std::initializer_list<_Elem>,_Pr)': could not deduce template argument for 'std::initializer_list<_Elem>' from 'unsigned int'
C:\Program Files (x86)\Microsoft Visual Studio\2019\Enterprise\VC\Tools\MSVC\14.29.30133\include\utility(49): message : see declaration of 'std::max'
C:\Users\alekd\OneDrive\Bureau\uni\automne_2021\INF1015\Pratique\TD3-A21-Fichiers\Liste.hpp(33,1): error C2782: 'const _Ty &std::max(const _Ty &,const _Ty &) noexcept(<expr>)': template parameter '_Ty' is ambiguous
C:\Users\alekd\OneDrive\Bureau\uni\automne_2021\INF1015\Pratique\TD3-A21-Fichiers\Liste.hpp(25,42): error C2784: 'const _Ty &std::max(const _Ty &,const _Ty &) noexcept(<expr>)': could not deduce template argument for 'const _Ty &' from 'int'
C:\Users\alekd\OneDrive\Bureau\uni\automne_2021\INF1015\Pratique\TD3-A21-Fichiers\Liste.hpp(25,42): error C2780: 'const _Ty &std::max(const _Ty &,const _Ty &,_Pr) noexcept(<expr>)': expects 3 arguments - 2 provided
  Generating Code...
